0 info it worked if it ends with ok
1 verbose cli [ '/usr/bin/nodejs', '/usr/bin/npm', 'publish' ]
2 info using npm@3.10.10
3 info using node@v7.3.0
4 verbose publish [ '.' ]
5 silly cache add args [ '.', null ]
6 verbose cache add spec .
7 silly cache add parsed spec Result {
7 silly cache add   raw: '.',
7 silly cache add   scope: null,
7 silly cache add   escapedName: null,
7 silly cache add   name: null,
7 silly cache add   rawSpec: '.',
7 silly cache add   spec: '/mnt/GlobalFiles/Projects/Active/GithubProjects/vue-link-popover',
7 silly cache add   type: 'directory' }
8 verbose addLocalDirectory /home/yekeen/.npm/vue-link-popover/1.0.0/package.tgz not in flight; packing
9 verbose correctMkdir /home/yekeen/.npm correctMkdir not in flight; initializing
10 info lifecycle vue-link-popover@1.0.0~prepublish: vue-link-popover@1.0.0
11 verbose lifecycle vue-link-popover@1.0.0~prepublish: unsafe-perm in lifecycle true
12 verbose lifecycle vue-link-popover@1.0.0~prepublish: PATH: /usr/lib/node_modules/npm/bin/node-gyp-bin:/mnt/GlobalFiles/Projects/Active/GithubProjects/vue-link-popover/node_modules/.bin:/home/yekeen/google-cloud-sdk/bin:/home/yekeen/.npm-global/bin:/home/yekeen/.local/share/umake/bin:/home/yekeen/bin:/home/yekeen/.local/bin:/usr/local/sbin:/usr/local/bin:/usr/sbin:/usr/bin:/sbin:/bin:/usr/games:/usr/local/games:/snap/bin
13 verbose lifecycle vue-link-popover@1.0.0~prepublish: CWD: /mnt/GlobalFiles/Projects/Active/GithubProjects/vue-link-popover
14 silly lifecycle vue-link-popover@1.0.0~prepublish: Args: [ '-c', 'npm run build' ]
15 silly lifecycle vue-link-popover@1.0.0~prepublish: Returned: code: 0  signal: null
16 verbose tar pack [ '/home/yekeen/.npm/vue-link-popover/1.0.0/package.tgz',
16 verbose tar pack   '/mnt/GlobalFiles/Projects/Active/GithubProjects/vue-link-popover' ]
17 verbose tarball /home/yekeen/.npm/vue-link-popover/1.0.0/package.tgz
18 verbose folder /mnt/GlobalFiles/Projects/Active/GithubProjects/vue-link-popover
19 verbose addLocalTarball adding from inside cache /home/yekeen/.npm/vue-link-popover/1.0.0/package.tgz
20 verbose correctMkdir /home/yekeen/.npm correctMkdir not in flight; initializing
21 silly cache afterAdd vue-link-popover@1.0.0
22 verbose afterAdd /home/yekeen/.npm/vue-link-popover/1.0.0/package/package.json not in flight; writing
23 verbose correctMkdir /home/yekeen/.npm correctMkdir not in flight; initializing
24 verbose afterAdd /home/yekeen/.npm/vue-link-popover/1.0.0/package/package.json written
25 silly publish { name: 'vue-link-popover',
25 silly publish   description: 'A reusable link popover component for VueJS',
25 silly publish   version: '1.0.0',
25 silly publish   author: { name: 'Yekeen Ajeigbe', email: 'aayekeen@gmail.com' },
25 silly publish   keywords: [ 'vue', 'vuejs', 'plugin' ],
25 silly publish   license: 'MIT',
25 silly publish   main: 'dist/vue-link-popover.js',
25 silly publish   module: 'index.js',
25 silly publish   scripts:
25 silly publish    { dev: 'cross-env NODE_ENV=development webpack --config config/webpack.dev.config.js --progress --watch',
25 silly publish      build: 'cross-env NODE_ENV=production webpack --config config/webpack.prod.config.js --progress --hide-modules',
25 silly publish      prepublish: 'npm run build' },
25 silly publish   repository:
25 silly publish    { type: 'git',
25 silly publish      url: 'git+https://github.com/klummy/VueLinkPopover.git' },
25 silly publish   bugs: { url: 'https://github.com/klummy/VueLinkPopover/issues' },
25 silly publish   homepage: 'https://github.com/klummy/VueLinkPopover#readme',
25 silly publish   devDependencies:
25 silly publish    { 'babel-core': '^6.0.0',
25 silly publish      'babel-eslint': '^7.1.1',
25 silly publish      'babel-loader': '^6.0.0',
25 silly publish      'babel-preset-es2015': '^6.14.0',
25 silly publish      'babel-preset-stage-0': '^6.16.0',
25 silly publish      'cross-env': '^3.1.3',
25 silly publish      'css-loader': '^0.26.1',
25 silly publish      eslint: '^3.12.1',
25 silly publish      'eslint-config-standard': '^6.2.1',
25 silly publish      'eslint-loader': '^1.6.1',
25 silly publish      'eslint-plugin-html': '^1.6.0',
25 silly publish      'eslint-plugin-promise': '^3.4.0',
25 silly publish      'eslint-plugin-standard': '^2.0.1',
25 silly publish      'extract-text-webpack-plugin': '^2.0.0-beta.4',
25 silly publish      'node-sass': '^4.0.0',
25 silly publish      'sass-loader': '^4.1.0',
25 silly publish      'vue-loader': '^10.0.0',
25 silly publish      'vue-template-compiler': '^2.1.6',
25 silly publish      webpack: '^2.1.0-beta.28',
25 silly publish      'webpack-merge': '^1.1.2' },
25 silly publish   readme: '# vue-link-popover\n\n[![npm](https://img.shields.io/npm/v/vue-link-popover.svg) ![npm](https://img.shields.io/npm/dm/vue-link-popover.svg)](https://www.npmjs.com/package/vue-link-popover)\n[![vue2](https://img.shields.io/badge/vue-2.x-brightgreen.svg)](https://vuejs.org/)\n\nSimilar to the A reusable link popover component for VueJS\n\n*Inspired by [this Jilson Thomas\'s post](https://medium.com/@jilsonthomas/reusable-user-link-popover-component-using-vue-js-d37e525a8d27#.mxkgxtwj3)*\n\n## Installation\n\n```\nnpm install --save vue-link-popover\n```\n\n## Usage\n\nYou can then use the component **globally** in your Vue.js project with:\n\n```javascript\nimport Vue from \'vue\'\n\nimport \'vue-link-popover/dist/vue-link-popover.css\'\nimport VueLinkPopover from \'vue-link-popover\'\n\nVue.use(VueLinkPopover)\n```\n\nOr import it into a component with:\n```javascript\nimport \'vue-link-popover/dist/vue-link-popover.css\'\nimport { VueLinkPopover } from \'vue-link-popover/dist/vue-link-popover\'\n\n// And then, register the component with:\n// ...\ncomponents: {\n  \'link-popover\': VueLinkPopover\n},\n// ...\n```\n\nTo use it in a template/component, you use the ```<link-popover>``` tag to wrap the link element and then provide the content slot. The content slot is any single HTML element which has the ```slot="content"``` property and can contain child elements.\n```html\n<link-popover>\n  James Bond\n  <div slot="content">\n    <h1>James Bond</h1>\n    <p>Royal Navy Commander James Bond, CMG, RNVR, is a fictional character created by British journalist and novelist Ian Fleming in 1953. He is the protagonist of the James Bond series of novels, films, comics and video games. Fleming wrote twelve Bond novels and two short story collections, although the last two books—The Man with the Golden Gun and Octopussy and The Living Daylights—were published posthumously.</p>\n    <button>Read More</button>\n  </div>\n</link-popover>\n```\n\n---\n\n## Customization\nThe styling of the popover is intentionally minimal and can easily be modified by manipulating CSS classes.\n\n| Class                                                                 | Description                   |\n| -------------                                                         |:-------------:                |\n| .popover                                                              | Container for the entire popover                |\n| .popover__title                                                       | The popover title shown to the user                      |\n| .popover__content                                                     | The hidden content shown                      |\n| .popover-enter, .popover-enter-active, .popover-leave-active          | Classes for the popover animation. See [the VueJS animation guide for how to use](https://vuejs.org/v2/guide/transitions.html)                      |\n\n_NOTE: You may have to increase the specifity of the classes or use **!important** if the component isn\'t registered globally._\n---\n\n## Examples\n\n### Example 1 - Basic popover\n```html\n![Example 1](/.github/images/example-1.png?raw=true "The popover can be used within text")\n\n<link-popover>\n  James Bond\n  <div slot="content">\n    <h1>James Bond</h1>\n    <p>Royal Navy Commander James Bond, CMG, RNVR, is a fictional character created by British journalist and novelist Ian Fleming in 1953. He is the protagonist of the James Bond series of novels, films, comics and video games. Fleming wrote twelve Bond novels and two short story collections, although the last two books—The Man with the Golden Gun and Octopussy and The Living Daylights—were published posthumously.</p>\n    <button>Read More</button>\n  </div>\n</link-popover>\n```\n\n### Example 2 - Popover within block of text\n![Example 2](/.github/images/example-2.png?raw=true "The popover can be used within text")\n\n```html\nRoyal Navy Commander James Bond, CMG, RNVR, is a fictional character created by British journalist and novelist <link-popover>Ian Fleming<p slot="content"><strong>Ian Lancaster Fleming</strong> (28 May 1908 – 12 August 1964) was an English author, journalist and naval intelligence officer who is best known for his James Bond series of spy novels. Fleming came from a wealthy family connected to the merchant bank Robert Fleming & Co., and his father was the Member of Parliament for Henley from 1910 until his death on the Western Front in 1917. Educated at Eton, Sandhurst and, briefly, the universities of Munich and Geneva, Fleming moved through several jobs before he started writing.</p></link-popover> in 1953. He is the protagonist of the James Bond series of novels, films, comics and video games. Fleming wrote twelve Bond novels and two short story collections, although the last two books—The Man with the Golden Gun and Octopussy and The Living Daylights—were published posthumously.\n```\n\n<!-- ### Example 3 - Customised popover\n![Example 3](/.github/images/example-3.png?raw=true "The popover can be used within text")\n\n```html\n\n``` -->\n\n---\n\n## License\n\n[MIT](http://opensource.org/licenses/MIT)\n',
25 silly publish   readmeFilename: 'README.md',
25 silly publish   gitHead: 'a6bd5a45a989b27b8932b7e17f5fa00efdf0983c',
25 silly publish   _id: 'vue-link-popover@1.0.0',
25 silly publish   _shasum: 'ff0538b089bdeab4342e11c72f8e7df2d10f8ef7',
25 silly publish   _from: '.' }
26 verbose getPublishConfig undefined
27 silly mapToRegistry name vue-link-popover
28 silly mapToRegistry using default registry
29 silly mapToRegistry registry https://registry.npmjs.org/
30 silly mapToRegistry data Result {
30 silly mapToRegistry   raw: 'vue-link-popover',
30 silly mapToRegistry   scope: null,
30 silly mapToRegistry   escapedName: 'vue-link-popover',
30 silly mapToRegistry   name: 'vue-link-popover',
30 silly mapToRegistry   rawSpec: '',
30 silly mapToRegistry   spec: 'latest',
30 silly mapToRegistry   type: 'tag' }
31 silly mapToRegistry uri https://registry.npmjs.org/vue-link-popover
32 verbose publish registryBase https://registry.npmjs.org/
33 silly publish uploading /home/yekeen/.npm/vue-link-popover/1.0.0/package.tgz
34 verbose request uri https://registry.npmjs.org/vue-link-popover
35 verbose request sending authorization for write operation
36 info attempt registry request try #1 at 4:04:23 PM
37 verbose request using bearer token for auth
38 verbose request id 713467571f3c472e
39 http request PUT https://registry.npmjs.org/vue-link-popover
40 http 403 https://registry.npmjs.org/vue-link-popover
41 verbose headers { 'content-type': 'application/json',
41 verbose headers   'cache-control': 'max-age=300',
41 verbose headers   'content-length': '95',
41 verbose headers   'accept-ranges': 'bytes',
41 verbose headers   date: 'Mon, 02 Jan 2017 15:04:28 GMT',
41 verbose headers   via: '1.1 varnish',
41 verbose headers   connection: 'keep-alive',
41 verbose headers   'x-served-by': 'cache-ams4445-AMS',
41 verbose headers   'x-cache': 'MISS',
41 verbose headers   'x-cache-hits': '0',
41 verbose headers   'x-timer': 'S1483369465.922664,VS0,VE2355',
41 verbose headers   vary: 'Accept-Encoding' }
42 verbose request invalidating /home/yekeen/.npm/registry.npmjs.org/vue-link-popover on PUT
43 error publish Failed PUT 403
44 verbose stack Error: "You cannot publish over the previously published version 1.0.0." : vue-link-popover
44 verbose stack     at makeError (/usr/lib/node_modules/npm/node_modules/npm-registry-client/lib/request.js:302:12)
44 verbose stack     at CachingRegistryClient.<anonymous> (/usr/lib/node_modules/npm/node_modules/npm-registry-client/lib/request.js:290:14)
44 verbose stack     at Request._callback (/usr/lib/node_modules/npm/node_modules/npm-registry-client/lib/request.js:210:14)
44 verbose stack     at Request.self.callback (/usr/lib/node_modules/npm/node_modules/request/request.js:187:22)
44 verbose stack     at emitTwo (events.js:106:13)
44 verbose stack     at Request.emit (events.js:191:7)
44 verbose stack     at Request.<anonymous> (/usr/lib/node_modules/npm/node_modules/request/request.js:1048:10)
44 verbose stack     at emitOne (events.js:96:13)
44 verbose stack     at Request.emit (events.js:188:7)
44 verbose stack     at IncomingMessage.<anonymous> (/usr/lib/node_modules/npm/node_modules/request/request.js:969:12)
45 verbose statusCode 403
46 verbose pkgid vue-link-popover
47 verbose cwd /mnt/GlobalFiles/Projects/Active/GithubProjects/vue-link-popover
48 error Linux 4.4.0-57-generic
49 error argv "/usr/bin/nodejs" "/usr/bin/npm" "publish"
50 error node v7.3.0
51 error npm  v3.10.10
52 error code E403
53 error "You cannot publish over the previously published version 1.0.0." : vue-link-popover
54 error If you need help, you may report this error at:
54 error     <https://github.com/npm/npm/issues>
55 verbose exit [ 1, true ]
